<?xml version="1.0" encoding="UTF-8"?>
<testsuite name="com.Kaveendra.projects.AuthorizationServer.AuthorizationServerApplicationTests" tests="1" skipped="0" failures="0" errors="0" timestamp="2018-05-28T19:29:37" hostname="DESKTOP-JAQKRLB" time="0.032">
  <properties/>
  <testcase name="contextLoads" classname="com.Kaveendra.projects.AuthorizationServer.AuthorizationServerApplicationTests" time="0.032"/>
  <system-out><![CDATA[00:59:33.067 [Test worker] DEBUG org.springframework.test.context.junit4.SpringJUnit4ClassRunner - SpringJUnit4ClassRunner constructor called with [class com.Kaveendra.projects.AuthorizationServer.AuthorizationServerApplicationTests]
00:59:33.079 [Test worker] DEBUG org.springframework.test.context.BootstrapUtils - Instantiating CacheAwareContextLoaderDelegate from class [org.springframework.test.context.cache.DefaultCacheAwareContextLoaderDelegate]
00:59:33.090 [Test worker] DEBUG org.springframework.test.context.BootstrapUtils - Instantiating BootstrapContext using constructor [public org.springframework.test.context.support.DefaultBootstrapContext(java.lang.Class,org.springframework.test.context.CacheAwareContextLoaderDelegate)]
00:59:33.109 [Test worker] DEBUG org.springframework.test.context.BootstrapUtils - Instantiating TestContextBootstrapper for test class [com.Kaveendra.projects.AuthorizationServer.AuthorizationServerApplicationTests] from class [org.springframework.boot.test.context.SpringBootTestContextBootstrapper]
00:59:33.127 [Test worker] INFO org.springframework.boot.test.context.SpringBootTestContextBootstrapper - Neither @ContextConfiguration nor @ContextHierarchy found for test class [com.Kaveendra.projects.AuthorizationServer.AuthorizationServerApplicationTests], using SpringBootContextLoader
00:59:33.132 [Test worker] DEBUG org.springframework.test.context.support.AbstractContextLoader - Did not detect default resource location for test class [com.Kaveendra.projects.AuthorizationServer.AuthorizationServerApplicationTests]: class path resource [com/Kaveendra/projects/AuthorizationServer/AuthorizationServerApplicationTests-context.xml] does not exist
00:59:33.132 [Test worker] DEBUG org.springframework.test.context.support.AbstractContextLoader - Did not detect default resource location for test class [com.Kaveendra.projects.AuthorizationServer.AuthorizationServerApplicationTests]: class path resource [com/Kaveendra/projects/AuthorizationServer/AuthorizationServerApplicationTestsContext.groovy] does not exist
00:59:33.133 [Test worker] INFO org.springframework.test.context.support.AbstractContextLoader - Could not detect default resource locations for test class [com.Kaveendra.projects.AuthorizationServer.AuthorizationServerApplicationTests]: no resource found for suffixes {-context.xml, Context.groovy}.
00:59:33.134 [Test worker] INFO org.springframework.test.context.support.AnnotationConfigContextLoaderUtils - Could not detect default configuration classes for test class [com.Kaveendra.projects.AuthorizationServer.AuthorizationServerApplicationTests]: AuthorizationServerApplicationTests does not declare any static, non-private, non-final, nested classes annotated with @Configuration.
00:59:33.178 [Test worker] DEBUG org.springframework.test.context.support.ActiveProfilesUtils - Could not find an 'annotation declaring class' for annotation type [org.springframework.test.context.ActiveProfiles] and class [com.Kaveendra.projects.AuthorizationServer.AuthorizationServerApplicationTests]
00:59:33.184 [Test worker] DEBUG org.springframework.core.env.StandardEnvironment - Adding PropertySource 'systemProperties' with lowest search precedence
00:59:33.185 [Test worker] DEBUG org.springframework.core.env.StandardEnvironment - Adding PropertySource 'systemEnvironment' with lowest search precedence
00:59:33.186 [Test worker] DEBUG org.springframework.core.env.StandardEnvironment - Initialized StandardEnvironment with PropertySources [MapPropertySource@415476580 {name='systemProperties', properties={java.runtime.name=Java(TM) SE Runtime Environment, sun.boot.library.path=C:\Program Files\Java\jdk1.8.0_20\jre\bin, java.vm.version=25.20-b23, java.vm.vendor=Oracle Corporation, java.vendor.url=http://java.oracle.com/, path.separator=;, java.vm.name=Java HotSpot(TM) 64-Bit Server VM, file.encoding.pkg=sun.io, user.script=, sun.java.launcher=SUN_STANDARD, user.country=US, sun.os.patch.level=, java.vm.specification.name=Java Virtual Machine Specification, user.dir=E:\AuthorizationServer, java.runtime.version=1.8.0_20-b26, java.awt.graphicsenv=sun.awt.Win32GraphicsEnvironment, java.endorsed.dirs=C:\Program Files\Java\jdk1.8.0_20\jre\lib\endorsed, os.arch=amd64, java.io.tmpdir=C:\Users\Dhanuja\AppData\Local\Temp\, line.separator=
, java.vm.specification.vendor=Oracle Corporation, user.variant=, os.name=Windows 8.1, sun.jnu.encoding=Cp1252, java.library.path=C:\Program Files\Java\jdk1.8.0_20\bin;C:\Windows\Sun\Java\bin;C:\Windows\system32;C:\Windows;C:\Program Files (x86)\Intel\iCLS Client\;C:\Program Files\Intel\iCLS Client\;C:\Windows\system32;C:\Windows;C:\Windows\System32\Wbem;C:\Windows\System32\WindowsPowerShell\v1.0\;C:\Program Files (x86)\Intel\Intel(R) Management Engine Components\DAL;C:\Program Files\Intel\Intel(R) Management Engine Components\DAL;C:\Program Files (x86)\Intel\Intel(R) Management Engine Components\IPT;C:\Program Files\Intel\Intel(R) Management Engine Components\IPT;C:\Program Files\Intel\WiFi\bin\;C:\Program Files\Common Files\Intel\WirelessCommon\;C:\Program Files (x86)\NVIDIA Corporation\PhysX\Common;C:\Program Files\Git\cmd;C:\wamp\php;C:\ProgramData\ComposerSetup\bin;C:\wamp\bin\php\php5.5.12;C:\wamp\bin\php\php7.2.4;C:\Program Files\nodejs\;C:\openssl\;C:\Program Files\Java\jdk1.8.0_20\bin;C:\Users\Dhanuja\AppData\Local\Microsoft\WindowsApps;C:\Users\Dhanuja\AppData\Roaming\Composer\vendor\bin;C:\Users\Dhanuja\AppData\Local\atom\bin;C:\Users\Dhanuja\AppData\Roaming\npm;C:\gradle-4.7-all\gradle-4.7\bin;., java.specification.name=Java Platform API Specification, java.class.version=52.0, org.gradle.native=false, sun.management.compiler=HotSpot 64-Bit Tiered Compilers, os.version=6.3, user.home=C:\Users\Dhanuja, user.timezone=Asia/Colombo, java.awt.printerjob=sun.awt.windows.WPrinterJob, file.encoding=windows-1252, java.specification.version=1.8, java.class.path=E:\AuthorizationServer\build\classes\java\test;E:\AuthorizationServer\build\resources\test;E:\AuthorizationServer\build\classes\java\main;E:\AuthorizationServer\build\resources\main;C:\Users\Dhanuja\.gradle\caches\modules-2\files-2.1\org.springframework.boot\spring-boot-starter-jdbc\1.5.13.RELEASE\841f9a3fe4a41d043573465a2a8941d5996bbd1c\spring-boot-starter-jdbc-1.5.13.RELEASE.jar;C:\Users\Dhanuja\.gradle\caches\modules-2\files-2.1\org.springframework.boot\spring-boot-starter-security\1.5.13.RELEASE\517444135795a39efa46d9120f1b60615a4f9f0b\spring-boot-starter-security-1.5.13.RELEASE.jar;C:\Users\Dhanuja\.gradle\caches\modules-2\files-2.1\org.springframework.boot\spring-boot-starter-web\1.5.13.RELEASE\4f77e9c01c13dfe035ebc4b6482da57b5e590b9b\spring-boot-starter-web-1.5.13.RELEASE.jar;C:\Users\Dhanuja\.gradle\caches\modules-2\files-2.1\com.h2database\h2\1.4.197\bb391050048ca8ae3e32451b5a3714ecd3596a46\h2-1.4.197.jar;C:\Users\Dhanuja\.gradle\caches\modules-2\files-2.1\org.springframework.security.oauth\spring-security-oauth2\2.0.15.RELEASE\791b7060abe9172bd29033c321f6d455e299e48f\spring-security-oauth2-2.0.15.RELEASE.jar;C:\Users\Dhanuja\.gradle\caches\modules-2\files-2.1\org.springframework.security\spring-security-jwt\1.0.9.RELEASE\3b060c3c397a7638b07c2a4850e03affd335097f\spring-security-jwt-1.0.9.RELEASE.jar;C:\Users\Dhanuja\.gradle\caches\modules-2\files-2.1\org.springframework.boot\spring-boot-starter-test\1.5.13.RELEASE\d95942a1b5650e9a4ec83f64642c8720adabfdb2\spring-boot-starter-test-1.5.13.RELEASE.jar;C:\Users\Dhanuja\.gradle\caches\modules-2\files-2.1\org.springframework.security\spring-security-test\4.2.6.RELEASE\8f6a1b9dd364f7882347cd6d555efce458dac324\spring-security-test-4.2.6.RELEASE.jar;C:\Users\Dhanuja\.gradle\caches\modules-2\files-2.1\org.springframework.boot\spring-boot-starter\1.5.13.RELEASE\908f50d2df2fc4c7db1753da43d2de9c6d16d0e5\spring-boot-starter-1.5.13.RELEASE.jar;C:\Users\Dhanuja\.gradle\caches\modules-2\files-2.1\org.apache.tomcat\tomcat-jdbc\8.5.31\7caa97fbe2765d3ed89adc036b852cc46456e415\tomcat-jdbc-8.5.31.jar;C:\Users\Dhanuja\.gradle\caches\modules-2\files-2.1\org.springframework\spring-jdbc\4.3.17.RELEASE\861b9f6fbded300a45bc18af093c73e2de6542f2\spring-jdbc-4.3.17.RELEASE.jar;C:\Users\Dhanuja\.gradle\caches\modules-2\files-2.1\org.springframework.security\spring-security-config\4.2.6.RELEASE\6f7fbb6936eb83c7362eb0b8d0cfa74703f1b11a\spring-security-config-4.2.6.RELEASE.jar;C:\Users\Dhanuja\.gradle\caches\modules-2\files-2.1\org.springframework.security\spring-security-web\4.2.6.RELEASE\65c67e6471f48ed7b01202d0621dea71440ca6c5\spring-security-web-4.2.6.RELEASE.jar;C:\Users\Dhanuja\.gradle\caches\modules-2\files-2.1\org.springframework\spring-webmvc\4.3.17.RELEASE\ee8dd0c586481e795787dc8b28a39e0418cb8fa2\spring-webmvc-4.3.17.RELEASE.jar;C:\Users\Dhanuja\.gradle\caches\modules-2\files-2.1\org.springframework\spring-web\4.3.17.RELEASE\2786be085d48f0b6d304a89cbbd186a969aa92aa\spring-web-4.3.17.RELEASE.jar;C:\Users\Dhanuja\.gradle\caches\modules-2\files-2.1\org.springframework.security\spring-security-core\4.2.6.RELEASE\44f135f3c690957d55615b7b7743d5f3bde78fa1\spring-security-core-4.2.6.RELEASE.jar;C:\Users\Dhanuja\.gradle\caches\modules-2\files-2.1\org.springframework.boot\spring-boot-test-autoconfigure\1.5.13.RELEASE\dee40ade119e2d69de4595b0c8becd71ad75b6ea\spring-boot-test-autoconfigure-1.5.13.RELEASE.jar;C:\Users\Dhanuja\.gradle\caches\modules-2\files-2.1\org.springframework.boot\spring-boot-test\1.5.13.RELEASE\8eb4c6dc64592adca85a16382c63f6a3460b3d1f\spring-boot-test-1.5.13.RELEASE.jar;C:\Users\Dhanuja\.gradle\caches\modules-2\files-2.1\org.springframework.boot\spring-boot-autoconfigure\1.5.13.RELEASE\2a08d6cb4a921fd0a58a162669da9f39d5df449c\spring-boot-autoconfigure-1.5.13.RELEASE.jar;C:\Users\Dhanuja\.gradle\caches\modules-2\files-2.1\org.springframework.boot\spring-boot\1.5.13.RELEASE\24f1f2ba3af3409ec1829e116a689ffebcaf300a\spring-boot-1.5.13.RELEASE.jar;C:\Users\Dhanuja\.gradle\caches\modules-2\files-2.1\org.springframework\spring-context\4.3.17.RELEASE\68b87279ada66e04df251917c839a604ceff82f0\spring-context-4.3.17.RELEASE.jar;C:\Users\Dhanuja\.gradle\caches\modules-2\files-2.1\org.springframework\spring-aop\4.3.17.RELEASE\b83e9434298106e7705b31150aee2d4e0fb2cf61\spring-aop-4.3.17.RELEASE.jar;C:\Users\Dhanuja\.gradle\caches\modules-2\files-2.1\org.springframework.boot\spring-boot-starter-tomcat\1.5.13.RELEASE\880f4c4af539e228091babfb0e5aaea18130f6f6\spring-boot-starter-tomcat-1.5.13.RELEASE.jar;C:\Users\Dhanuja\.gradle\caches\modules-2\files-2.1\org.hibernate\hibernate-validator\5.3.6.Final\4c730be8bf55a8e9a61e79a2f2c079abf48b718\hibernate-validator-5.3.6.Final.jar;C:\Users\Dhanuja\.gradle\caches\modules-2\files-2.1\com.fasterxml.jackson.core\jackson-databind\2.8.11.1\341edc63fdd8b44e17b2c36abbc9b451d8fd05a5\jackson-databind-2.8.11.1.jar;C:\Users\Dhanuja\.gradle\caches\modules-2\files-2.1\org.springframework\spring-tx\4.3.17.RELEASE\31b31e13fceadb816d1ab15ec226fa351d72b663\spring-tx-4.3.17.RELEASE.jar;C:\Users\Dhanuja\.gradle\caches\modules-2\files-2.1\org.springframework\spring-beans\4.3.17.RELEASE\6f8ce46b6f446b8875f0b3160b6b1978973d4d0b\spring-beans-4.3.17.RELEASE.jar;C:\Users\Dhanuja\.gradle\caches\modules-2\files-2.1\org.springframework\spring-test\4.3.17.RELEASE\e35e710720cb3cee1efa3c9cd2f7dc80e579950d\spring-test-4.3.17.RELEASE.jar;C:\Users\Dhanuja\.gradle\caches\modules-2\files-2.1\org.springframework\spring-expression\4.3.17.RELEASE\a7ed4d874c28aca9ad8cd1a65c58eb62c05994b7\spring-expression-4.3.17.RELEASE.jar;C:\Users\Dhanuja\.gradle\caches\modules-2\files-2.1\org.springframework\spring-core\4.3.17.RELEASE\77814c99de6f8282c64a4d604024c70e238037ae\spring-core-4.3.17.RELEASE.jar;C:\Users\Dhanuja\.gradle\caches\modules-2\files-2.1\commons-codec\commons-codec\1.10\4b95f4897fa13f2cd904aee711aeafc0c5295cd8\commons-codec-1.10.jar;C:\Users\Dhanuja\.gradle\caches\modules-2\files-2.1\org.codehaus.jackson\jackson-mapper-asl\1.9.13\1ee2f2bed0e5dd29d1cb155a166e6f8d50bbddb7\jackson-mapper-asl-1.9.13.jar;C:\Users\Dhanuja\.gradle\caches\modules-2\files-2.1\org.bouncycastle\bcpkix-jdk15on\1.56\4648af70268b6fdb24674fb1fd7c1fcc73db1231\bcpkix-jdk15on-1.56.jar;C:\Users\Dhanuja\.gradle\caches\modules-2\files-2.1\com.jayway.jsonpath\json-path\2.2.0\22290d17944bd239fabf5ac69005a60a7ecbbbcb\json-path-2.2.0.jar;C:\Users\Dhanuja\.gradle\caches\modules-2\files-2.1\junit\junit\4.12\2973d150c0dc1fefe998f834810d68f278ea58ec\junit-4.12.jar;C:\Users\Dhanuja\.gradle\caches\modules-2\files-2.1\org.assertj\assertj-core\2.6.0\b532c3fc4f66bcfee4989a3514f1cd56203a33ad\assertj-core-2.6.0.jar;C:\Users\Dhanuja\.gradle\caches\modules-2\files-2.1\org.mockito\mockito-core\1.10.19\e8546f5bef4e061d8dd73895b4e8f40e3fe6effe\mockito-core-1.10.19.jar;C:\Users\Dhanuja\.gradle\caches\modules-2\files-2.1\org.hamcrest\hamcrest-library\1.3\4785a3c21320980282f9f33d0d1264a69040538f\hamcrest-library-1.3.jar;C:\Users\Dhanuja\.gradle\caches\modules-2\files-2.1\org.hamcrest\hamcrest-core\1.3\42a25dc3219429f0e5d060061f71acb49bf010a0\hamcrest-core-1.3.jar;C:\Users\Dhanuja\.gradle\caches\modules-2\files-2.1\org.skyscreamer\jsonassert\1.4.0\9cdbb373a06f6513e51e8c545ee6a5e981463edb\jsonassert-1.4.0.jar;C:\Users\Dhanuja\.gradle\caches\modules-2\files-2.1\org.springframework.boot\spring-boot-starter-logging\1.5.13.RELEASE\1784b184be3b59ad81ec6ac54d03c950f3d5c263\spring-boot-starter-logging-1.5.13.RELEASE.jar;C:\Users\Dhanuja\.gradle\caches\modules-2\files-2.1\org.yaml\snakeyaml\1.17\7a27ea250c5130b2922b86dea63cbb1cc10a660c\snakeyaml-1.17.jar;C:\Users\Dhanuja\.gradle\caches\modules-2\files-2.1\org.apache.tomcat\tomcat-juli\8.5.31\603fb6e0ddd216b53a803801561661ae9c294ff\tomcat-juli-8.5.31.jar;C:\Users\Dhanuja\.gradle\caches\modules-2\files-2.1\aopalliance\aopalliance\1.0\235ba8b489512805ac13a8f9ea77a1ca5ebe3e8\aopalliance-1.0.jar;C:\Users\Dhanuja\.gradle\caches\modules-2\files-2.1\org.apache.tomcat.embed\tomcat-embed-websocket\8.5.31\6564e716b89de5eaa0dd234ae7989576503ddf3\tomcat-embed-websocket-8.5.31.jar;C:\Users\Dhanuja\.gradle\caches\modules-2\files-2.1\org.apache.tomcat.embed\tomcat-embed-core\8.5.31\f5adf7ed8c34aa005b22b6a2dc7b6796e10e9c79\tomcat-embed-core-8.5.31.jar;C:\Users\Dhanuja\.gradle\caches\modules-2\files-2.1\org.apache.tomcat.embed\tomcat-embed-el\8.5.31\3a536e1ac71b82627c3a7408eb38fa0704cb9034\tomcat-embed-el-8.5.31.jar;C:\Users\Dhanuja\.gradle\caches\modules-2\files-2.1\javax.validation\validation-api\1.1.0.Final\8613ae82954779d518631e05daa73a6a954817d5\validation-api-1.1.0.Final.jar;C:\Users\Dhanuja\.gradle\caches\modules-2\files-2.1\org.jboss.logging\jboss-logging\3.3.2.Final\3789d00e859632e6c6206adc0c71625559e6e3b0\jboss-logging-3.3.2.Final.jar;C:\Users\Dhanuja\.gradle\caches\modules-2\files-2.1\com.fasterxml\classmate\1.3.4\3d5f48f10bbe4eb7bd862f10c0583be2e0053c6\classmate-1.3.4.jar;C:\Users\Dhanuja\.gradle\caches\modules-2\files-2.1\com.fasterxml.jackson.core\jackson-annotations\2.8.0\45b426f7796b741035581a176744d91090e2e6fb\jackson-annotations-2.8.0.jar;C:\Users\Dhanuja\.gradle\caches\modules-2\files-2.1\com.fasterxml.jackson.core\jackson-core\2.8.11\876ead1db19f0c9e79c9789273a3ef8c6fd6c29b\jackson-core-2.8.11.jar;C:\Users\Dhanuja\.gradle\caches\modules-2\files-2.1\org.codehaus.jackson\jackson-core-asl\1.9.13\3c304d70f42f832e0a86d45bd437f692129299a4\jackson-core-asl-1.9.13.jar;C:\Users\Dhanuja\.gradle\caches\modules-2\files-2.1\org.bouncycastle\bcprov-jdk15on\1.56\a153c6f9744a3e9dd6feab5e210e1c9861362ec7\bcprov-jdk15on-1.56.jar;C:\Users\Dhanuja\.gradle\caches\modules-2\files-2.1\net.minidev\json-smart\2.2.1\5b9e5df7a62d1279b70dc882b041d249c4f0b002\json-smart-2.2.1.jar;C:\Users\Dhanuja\.gradle\caches\modules-2\files-2.1\ch.qos.logback\logback-classic\1.1.11\ccedfbacef4a6515d2983e3f89ed753d5d4fb665\logback-classic-1.1.11.jar;C:\Users\Dhanuja\.gradle\caches\modules-2\files-2.1\org.slf4j\jcl-over-slf4j\1.7.25\f8c32b13ff142a513eeb5b6330b1588dcb2c0461\jcl-over-slf4j-1.7.25.jar;C:\Users\Dhanuja\.gradle\caches\modules-2\files-2.1\org.slf4j\jul-to-slf4j\1.7.25\af5364cd6679bfffb114f0dec8a157aaa283b76\jul-to-slf4j-1.7.25.jar;C:\Users\Dhanuja\.gradle\caches\modules-2\files-2.1\org.slf4j\log4j-over-slf4j\1.7.25\a87bb47468f47ee7aabbd54f93e133d4215769c3\log4j-over-slf4j-1.7.25.jar;C:\Users\Dhanuja\.gradle\caches\modules-2\files-2.1\org.slf4j\slf4j-api\1.7.25\da76ca59f6a57ee3102f8f9bd9cee742973efa8a\slf4j-api-1.7.25.jar;C:\Users\Dhanuja\.gradle\caches\modules-2\files-2.1\org.objenesis\objenesis\2.1\87c0ea803b69252868d09308b4618f766f135a96\objenesis-2.1.jar;C:\Users\Dhanuja\.gradle\caches\modules-2\files-2.1\com.vaadin.external.google\android-json\0.0.20131108.vaadin1\fa26d351fe62a6a17f5cda1287c1c6110dec413f\android-json-0.0.20131108.vaadin1.jar;C:\Users\Dhanuja\.gradle\caches\modules-2\files-2.1\org.apache.tomcat\tomcat-annotations-api\8.5.31\f0758d8b5d1404cc25f98945bdd5959699658b4a\tomcat-annotations-api-8.5.31.jar;C:\Users\Dhanuja\.gradle\caches\modules-2\files-2.1\net.minidev\accessors-smart\1.1\a527213f2fea112a04c9bdf0ec0264e34104cd08\accessors-smart-1.1.jar;C:\Users\Dhanuja\.gradle\caches\modules-2\files-2.1\ch.qos.logback\logback-core\1.1.11\88b8df40340eed549fb07e2613879bf6b006704d\logback-core-1.1.11.jar;C:\Users\Dhanuja\.gradle\caches\modules-2\files-2.1\org.ow2.asm\asm\5.0.3\dcc2193db20e19e1feca8b1240dbbc4e190824fa\asm-5.0.3.jar, user.name=Dhanuja, java.vm.specification.version=1.8, sun.java.command=worker.org.gradle.process.internal.worker.GradleWorkerMain 'Gradle Test Executor 1', java.home=C:\Program Files\Java\jdk1.8.0_20\jre, sun.arch.data.model=64, user.language=en, java.specification.vendor=Oracle Corporation, awt.toolkit=sun.awt.windows.WToolkit, java.vm.info=mixed mode, java.version=1.8.0_20, java.ext.dirs=C:\Program Files\Java\jdk1.8.0_20\jre\lib\ext;C:\Windows\Sun\Java\lib\ext, sun.boot.class.path=C:\Program Files\Java\jdk1.8.0_20\jre\lib\resources.jar;C:\Program Files\Java\jdk1.8.0_20\jre\lib\rt.jar;C:\Program Files\Java\jdk1.8.0_20\jre\lib\sunrsasign.jar;C:\Program Files\Java\jdk1.8.0_20\jre\lib\jsse.jar;C:\Program Files\Java\jdk1.8.0_20\jre\lib\jce.jar;C:\Program Files\Java\jdk1.8.0_20\jre\lib\charsets.jar;C:\Program Files\Java\jdk1.8.0_20\jre\lib\jfr.jar;C:\Program Files\Java\jdk1.8.0_20\jre\classes, java.vendor=Oracle Corporation, org.gradle.test.worker=1, file.separator=\, java.vendor.url.bug=http://bugreport.sun.com/bugreport/, sun.io.unicode.encoding=UnicodeLittle, sun.cpu.endian=little, sun.desktop=windows, sun.cpu.isalist=amd64}}, SystemEnvironmentPropertySource@952513732 {name='systemEnvironment', properties={USERDOMAIN_ROAMINGPROFILE=DESKTOP-JAQKRLB, OPENSSL_CONF=C:\openssl\openssl.cnf, LOCALAPPDATA=C:\Users\Dhanuja\AppData\Local, PROCESSOR_LEVEL=6, USERDOMAIN=DESKTOP-JAQKRLB, LOGONSERVER=\\DESKTOP-JAQKRLB, PROMPT=$P$G, ALLUSERSPROFILE=C:\ProgramData, PROCESSOR_ARCHITECTURE=AMD64, PSModulePath=C:\Program Files\WindowsPowerShell\Modules;C:\Windows\system32\WindowsPowerShell\v1.0\Modules, SystemDrive=C:, =E:=E:\AuthorizationServer, =ExitCode=00000000, OneDrive=C:\Users\Dhanuja\OneDrive, =C:=C:\Windows\System32, APPDATA=C:\Users\Dhanuja\AppData\Roaming, DIRNAME=C:\gradle-4.7-all\gradle-4.7\bin\, JAVA_EXE=java.exe, USERNAME=Dhanuja, CMD_LINE_ARGS=clean build, ProgramFiles(x86)=C:\Program Files (x86), CommonProgramFiles=C:\Program Files\Common Files, Path=C:\Program Files (x86)\Intel\iCLS Client\;C:\Program Files\Intel\iCLS Client\;C:\Windows\system32;C:\Windows;C:\Windows\System32\Wbem;C:\Windows\System32\WindowsPowerShell\v1.0\;C:\Program Files (x86)\Intel\Intel(R) Management Engine Components\DAL;C:\Program Files\Intel\Intel(R) Management Engine Components\DAL;C:\Program Files (x86)\Intel\Intel(R) Management Engine Components\IPT;C:\Program Files\Intel\Intel(R) Management Engine Components\IPT;C:\Program Files\Intel\WiFi\bin\;C:\Program Files\Common Files\Intel\WirelessCommon\;C:\Program Files (x86)\NVIDIA Corporation\PhysX\Common;C:\Program Files\Git\cmd;C:\wamp\php;C:\ProgramData\ComposerSetup\bin;C:\wamp\bin\php\php5.5.12;C:\wamp\bin\php\php7.2.4;C:\Program Files\nodejs\;C:\openssl\;C:\Program Files\Java\jdk1.8.0_20\bin;C:\Users\Dhanuja\AppData\Local\Microsoft\WindowsApps;C:\Users\Dhanuja\AppData\Roaming\Composer\vendor\bin;C:\Users\Dhanuja\AppData\Local\atom\bin;C:\Users\Dhanuja\AppData\Roaming\npm;C:\gradle-4.7-all\gradle-4.7\bin, APP_HOME=C:\gradle-4.7-all\gradle-4.7\bin\.., PATHEXT=.COM;.EXE;.BAT;.CMD;.VBS;.VBE;.JS;.JSE;.WSF;.WSH;.MSC, OS=Windows_NT, COMPUTERNAME=DESKTOP-JAQKRLB, PROCESSOR_REVISION=5e03, CLASSPATH=C:\gradle-4.7-all\gradle-4.7\bin\..\lib\gradle-launcher-4.7.jar, CommonProgramW6432=C:\Program Files\Common Files, ComSpec=C:\Windows\system32\cmd.exe, APP_BASE_NAME=gradle, ProgramData=C:\ProgramData, ProgramW6432=C:\Program Files, HOMEPATH=\Users\Dhanuja, SystemRoot=C:\Windows, TEMP=C:\Users\Dhanuja\AppData\Local\Temp, HOMEDRIVE=C:, PROCESSOR_IDENTIFIER=Intel64 Family 6 Model 94 Stepping 3, GenuineIntel, PT6HOME=C:\Program Files (x86)\Cisco Packet Tracer 6.2sv, USERPROFILE=C:\Users\Dhanuja, TMP=C:\Users\Dhanuja\AppData\Local\Temp, CommonProgramFiles(x86)=C:\Program Files (x86)\Common Files, ProgramFiles=C:\Program Files, PUBLIC=C:\Users\Public, NUMBER_OF_PROCESSORS=8, windir=C:\Windows, _SKIP=2}}]
00:59:33.197 [Test worker] DEBUG org.springframework.core.io.support.PathMatchingResourcePatternResolver - Resolved classpath location [com/Kaveendra/projects/AuthorizationServer/] to resources [URL [file:/E:/AuthorizationServer/build/classes/java/test/com/Kaveendra/projects/AuthorizationServer/], URL [file:/E:/AuthorizationServer/build/classes/java/main/com/Kaveendra/projects/AuthorizationServer/]]
00:59:33.197 [Test worker] DEBUG org.springframework.core.io.support.PathMatchingResourcePatternResolver - Looking for matching resources in directory tree [E:\AuthorizationServer\build\classes\java\test\com\Kaveendra\projects\AuthorizationServer]
00:59:33.198 [Test worker] DEBUG org.springframework.core.io.support.PathMatchingResourcePatternResolver - Searching directory [E:\AuthorizationServer\build\classes\java\test\com\Kaveendra\projects\AuthorizationServer] for files matching pattern [E:/AuthorizationServer/build/classes/java/test/com/Kaveendra/projects/AuthorizationServer/*.class]
00:59:33.203 [Test worker] DEBUG org.springframework.core.io.support.PathMatchingResourcePatternResolver - Looking for matching resources in directory tree [E:\AuthorizationServer\build\classes\java\main\com\Kaveendra\projects\AuthorizationServer]
00:59:33.203 [Test worker] DEBUG org.springframework.core.io.support.PathMatchingResourcePatternResolver - Searching directory [E:\AuthorizationServer\build\classes\java\main\com\Kaveendra\projects\AuthorizationServer] for files matching pattern [E:/AuthorizationServer/build/classes/java/main/com/Kaveendra/projects/AuthorizationServer/*.class]
00:59:33.205 [Test worker] DEBUG org.springframework.core.io.support.PathMatchingResourcePatternResolver - Resolved location pattern [classpath*:com/Kaveendra/projects/AuthorizationServer/*.class] to resources [file [E:\AuthorizationServer\build\classes\java\test\com\Kaveendra\projects\AuthorizationServer\AuthorizationServerApplicationTests.class], file [E:\AuthorizationServer\build\classes\java\main\com\Kaveendra\projects\AuthorizationServer\AuthorizationServerApplication.class], file [E:\AuthorizationServer\build\classes\java\main\com\Kaveendra\projects\AuthorizationServer\CustomDetailsService.class], file [E:\AuthorizationServer\build\classes\java\main\com\Kaveendra\projects\AuthorizationServer\CustomUser.class], file [E:\AuthorizationServer\build\classes\java\main\com\Kaveendra\projects\AuthorizationServer\OAuth2Config.class], file [E:\AuthorizationServer\build\classes\java\main\com\Kaveendra\projects\AuthorizationServer\SecurityConfiguration.class], file [E:\AuthorizationServer\build\classes\java\main\com\Kaveendra\projects\AuthorizationServer\UserDAO.class], file [E:\AuthorizationServer\build\classes\java\main\com\Kaveendra\projects\AuthorizationServer\UserModel.class]]
00:59:33.268 [Test worker] DEBUG org.springframework.context.annotation.ClassPathScanningCandidateComponentProvider - Identified candidate component class: file [E:\AuthorizationServer\build\classes\java\main\com\Kaveendra\projects\AuthorizationServer\AuthorizationServerApplication.class]
00:59:33.280 [Test worker] INFO org.springframework.boot.test.context.SpringBootTestContextBootstrapper - Found @SpringBootConfiguration com.Kaveendra.projects.AuthorizationServer.AuthorizationServerApplication for test class com.Kaveendra.projects.AuthorizationServer.AuthorizationServerApplicationTests
00:59:33.284 [Test worker] DEBUG org.springframework.boot.test.context.SpringBootTestContextBootstrapper - @TestExecutionListeners is not present for class [com.Kaveendra.projects.AuthorizationServer.AuthorizationServerApplicationTests]: using defaults.
00:59:33.287 [Test worker] INFO org.springframework.boot.test.context.SpringBootTestContextBootstrapper - Loaded default TestExecutionListener class names from location [META-INF/spring.factories]: [org.springframework.security.test.context.support.WithSecurityContextTestExecutionListener, org.springframework.boot.test.autoconfigure.restdocs.RestDocsTestExecutionListener, org.springframework.boot.test.autoconfigure.web.client.MockRestServiceServerResetTestExecutionListener, org.springframework.boot.test.autoconfigure.web.servlet.MockMvcPrintOnlyOnFailureTestExecutionListener, org.springframework.boot.test.autoconfigure.web.servlet.WebDriverTestExecutionListener, org.springframework.boot.test.mock.mockito.MockitoTestExecutionListener, org.springframework.boot.test.mock.mockito.ResetMocksTestExecutionListener, org.springframework.test.context.web.ServletTestExecutionListener, org.springframework.test.context.support.DirtiesContextBeforeModesTestExecutionListener, org.springframework.test.context.support.DependencyInjectionTestExecutionListener, org.springframework.test.context.support.DirtiesContextTestExecutionListener, org.springframework.test.context.transaction.TransactionalTestExecutionListener, org.springframework.test.context.jdbc.SqlScriptsTestExecutionListener]
00:59:33.303 [Test worker] INFO org.springframework.boot.test.context.SpringBootTestContextBootstrapper - Using TestExecutionListeners: [org.springframework.test.context.web.ServletTestExecutionListener@9c62e5d, org.springframework.test.context.support.DirtiesContextBeforeModesTestExecutionListener@6a3b62e4, org.springframework.boot.test.mock.mockito.MockitoTestExecutionListener@42b7581c, org.springframework.boot.test.autoconfigure.SpringBootDependencyInjectionTestExecutionListener@33b3aaf5, org.springframework.test.context.support.DirtiesContextTestExecutionListener@bbfce18, org.springframework.test.context.transaction.TransactionalTestExecutionListener@3a22a1c9, org.springframework.test.context.jdbc.SqlScriptsTestExecutionListener@42ad7929, org.springframework.security.test.context.support.WithSecurityContextTestExecutionListener@6c67978b, org.springframework.boot.test.autoconfigure.restdocs.RestDocsTestExecutionListener@195d5b11, org.springframework.boot.test.autoconfigure.web.client.MockRestServiceServerResetTestExecutionListener@36de8d1a, org.springframework.boot.test.autoconfigure.web.servlet.MockMvcPrintOnlyOnFailureTestExecutionListener@1f93ded9, org.springframework.boot.test.autoconfigure.web.servlet.WebDriverTestExecutionListener@4f18c96f, org.springframework.boot.test.mock.mockito.ResetMocksTestExecutionListener@3cee964e]
00:59:33.306 [Test worker] DEBUG org.springframework.test.annotation.ProfileValueUtils - Retrieved @ProfileValueSourceConfiguration [null] for test class [com.Kaveendra.projects.AuthorizationServer.AuthorizationServerApplicationTests]
00:59:33.306 [Test worker] DEBUG org.springframework.test.annotation.ProfileValueUtils - Retrieved ProfileValueSource type [class org.springframework.test.annotation.SystemProfileValueSource] for class [com.Kaveendra.projects.AuthorizationServer.AuthorizationServerApplicationTests]
00:59:33.307 [Test worker] DEBUG org.springframework.test.annotation.ProfileValueUtils - Retrieved @ProfileValueSourceConfiguration [null] for test class [com.Kaveendra.projects.AuthorizationServer.AuthorizationServerApplicationTests]
00:59:33.307 [Test worker] DEBUG org.springframework.test.annotation.ProfileValueUtils - Retrieved ProfileValueSource type [class org.springframework.test.annotation.SystemProfileValueSource] for class [com.Kaveendra.projects.AuthorizationServer.AuthorizationServerApplicationTests]
00:59:33.310 [Test worker] DEBUG org.springframework.test.context.support.AbstractDirtiesContextTestExecutionListener - Before test class: context [DefaultTestContext@66546f9b testClass = AuthorizationServerApplicationTests, testInstance = [null], testMethod = [null], testException = [null], mergedContextConfiguration = [WebMergedContextConfiguration@41ed1747 testClass = AuthorizationServerApplicationTests, locations = '{}', classes = '{class com.Kaveendra.projects.AuthorizationServer.AuthorizationServerApplication}', contextInitializerClasses = '[]', activeProfiles = '{}', propertySourceLocations = '{}', propertySourceProperties = '{org.springframework.boot.test.context.SpringBootTestContextBootstrapper=true}', contextCustomizers = set[org.springframework.boot.test.autoconfigure.properties.PropertyMappingContextCustomizer@0, org.springframework.boot.test.autoconfigure.web.servlet.WebDriverContextCustomizerFactory$Customizer@3c5d3485, org.springframework.boot.test.context.SpringBootTestContextCustomizer@6a6fa789, org.springframework.boot.test.context.filter.ExcludeFilterContextCustomizer@6a573e16, org.springframework.boot.test.json.DuplicateJsonObjectContextCustomizerFactory$DuplicateJsonObjectContextCustomizer@537c0767, org.springframework.boot.test.mock.mockito.MockitoContextCustomizer@0], resourceBasePath = 'src/main/webapp', contextLoader = 'org.springframework.boot.test.context.SpringBootContextLoader', parent = [null]]], class annotated with @DirtiesContext [false] with mode [null].
00:59:33.311 [Test worker] DEBUG org.springframework.test.annotation.ProfileValueUtils - Retrieved @ProfileValueSourceConfiguration [null] for test class [com.Kaveendra.projects.AuthorizationServer.AuthorizationServerApplicationTests]
00:59:33.311 [Test worker] DEBUG org.springframework.test.annotation.ProfileValueUtils - Retrieved ProfileValueSource type [class org.springframework.test.annotation.SystemProfileValueSource] for class [com.Kaveendra.projects.AuthorizationServer.AuthorizationServerApplicationTests]
00:59:33.365 [Test worker] DEBUG org.springframework.core.env.StandardEnvironment - Adding PropertySource 'systemProperties' with lowest search precedence
00:59:33.365 [Test worker] DEBUG org.springframework.core.env.StandardEnvironment - Adding PropertySource 'systemEnvironment' with lowest search precedence
00:59:33.366 [Test worker] DEBUG org.springframework.core.env.StandardEnvironment - Initialized StandardEnvironment with PropertySources [MapPropertySource@1010949566 {name='systemProperties', properties={java.runtime.name=Java(TM) SE Runtime Environment, sun.boot.library.path=C:\Program Files\Java\jdk1.8.0_20\jre\bin, java.vm.version=25.20-b23, java.vm.vendor=Oracle Corporation, java.vendor.url=http://java.oracle.com/, path.separator=;, java.vm.name=Java HotSpot(TM) 64-Bit Server VM, file.encoding.pkg=sun.io, user.script=, sun.java.launcher=SUN_STANDARD, user.country=US, sun.os.patch.level=, java.vm.specification.name=Java Virtual Machine Specification, user.dir=E:\AuthorizationServer, java.runtime.version=1.8.0_20-b26, java.awt.graphicsenv=sun.awt.Win32GraphicsEnvironment, java.endorsed.dirs=C:\Program Files\Java\jdk1.8.0_20\jre\lib\endorsed, os.arch=amd64, java.io.tmpdir=C:\Users\Dhanuja\AppData\Local\Temp\, line.separator=
, java.vm.specification.vendor=Oracle Corporation, user.variant=, os.name=Windows 8.1, sun.jnu.encoding=Cp1252, java.library.path=C:\Program Files\Java\jdk1.8.0_20\bin;C:\Windows\Sun\Java\bin;C:\Windows\system32;C:\Windows;C:\Program Files (x86)\Intel\iCLS Client\;C:\Program Files\Intel\iCLS Client\;C:\Windows\system32;C:\Windows;C:\Windows\System32\Wbem;C:\Windows\System32\WindowsPowerShell\v1.0\;C:\Program Files (x86)\Intel\Intel(R) Management Engine Components\DAL;C:\Program Files\Intel\Intel(R) Management Engine Components\DAL;C:\Program Files (x86)\Intel\Intel(R) Management Engine Components\IPT;C:\Program Files\Intel\Intel(R) Management Engine Components\IPT;C:\Program Files\Intel\WiFi\bin\;C:\Program Files\Common Files\Intel\WirelessCommon\;C:\Program Files (x86)\NVIDIA Corporation\PhysX\Common;C:\Program Files\Git\cmd;C:\wamp\php;C:\ProgramData\ComposerSetup\bin;C:\wamp\bin\php\php5.5.12;C:\wamp\bin\php\php7.2.4;C:\Program Files\nodejs\;C:\openssl\;C:\Program Files\Java\jdk1.8.0_20\bin;C:\Users\Dhanuja\AppData\Local\Microsoft\WindowsApps;C:\Users\Dhanuja\AppData\Roaming\Composer\vendor\bin;C:\Users\Dhanuja\AppData\Local\atom\bin;C:\Users\Dhanuja\AppData\Roaming\npm;C:\gradle-4.7-all\gradle-4.7\bin;., java.specification.name=Java Platform API Specification, java.class.version=52.0, org.gradle.native=false, sun.management.compiler=HotSpot 64-Bit Tiered Compilers, os.version=6.3, user.home=C:\Users\Dhanuja, user.timezone=Asia/Colombo, java.awt.printerjob=sun.awt.windows.WPrinterJob, file.encoding=windows-1252, java.specification.version=1.8, java.class.path=E:\AuthorizationServer\build\classes\java\test;E:\AuthorizationServer\build\resources\test;E:\AuthorizationServer\build\classes\java\main;E:\AuthorizationServer\build\resources\main;C:\Users\Dhanuja\.gradle\caches\modules-2\files-2.1\org.springframework.boot\spring-boot-starter-jdbc\1.5.13.RELEASE\841f9a3fe4a41d043573465a2a8941d5996bbd1c\spring-boot-starter-jdbc-1.5.13.RELEASE.jar;C:\Users\Dhanuja\.gradle\caches\modules-2\files-2.1\org.springframework.boot\spring-boot-starter-security\1.5.13.RELEASE\517444135795a39efa46d9120f1b60615a4f9f0b\spring-boot-starter-security-1.5.13.RELEASE.jar;C:\Users\Dhanuja\.gradle\caches\modules-2\files-2.1\org.springframework.boot\spring-boot-starter-web\1.5.13.RELEASE\4f77e9c01c13dfe035ebc4b6482da57b5e590b9b\spring-boot-starter-web-1.5.13.RELEASE.jar;C:\Users\Dhanuja\.gradle\caches\modules-2\files-2.1\com.h2database\h2\1.4.197\bb391050048ca8ae3e32451b5a3714ecd3596a46\h2-1.4.197.jar;C:\Users\Dhanuja\.gradle\caches\modules-2\files-2.1\org.springframework.security.oauth\spring-security-oauth2\2.0.15.RELEASE\791b7060abe9172bd29033c321f6d455e299e48f\spring-security-oauth2-2.0.15.RELEASE.jar;C:\Users\Dhanuja\.gradle\caches\modules-2\files-2.1\org.springframework.security\spring-security-jwt\1.0.9.RELEASE\3b060c3c397a7638b07c2a4850e03affd335097f\spring-security-jwt-1.0.9.RELEASE.jar;C:\Users\Dhanuja\.gradle\caches\modules-2\files-2.1\org.springframework.boot\spring-boot-starter-test\1.5.13.RELEASE\d95942a1b5650e9a4ec83f64642c8720adabfdb2\spring-boot-starter-test-1.5.13.RELEASE.jar;C:\Users\Dhanuja\.gradle\caches\modules-2\files-2.1\org.springframework.security\spring-security-test\4.2.6.RELEASE\8f6a1b9dd364f7882347cd6d555efce458dac324\spring-security-test-4.2.6.RELEASE.jar;C:\Users\Dhanuja\.gradle\caches\modules-2\files-2.1\org.springframework.boot\spring-boot-starter\1.5.13.RELEASE\908f50d2df2fc4c7db1753da43d2de9c6d16d0e5\spring-boot-starter-1.5.13.RELEASE.jar;C:\Users\Dhanuja\.gradle\caches\modules-2\files-2.1\org.apache.tomcat\tomcat-jdbc\8.5.31\7caa97fbe2765d3ed89adc036b852cc46456e415\tomcat-jdbc-8.5.31.jar;C:\Users\Dhanuja\.gradle\caches\modules-2\files-2.1\org.springframework\spring-jdbc\4.3.17.RELEASE\861b9f6fbded300a45bc18af093c73e2de6542f2\spring-jdbc-4.3.17.RELEASE.jar;C:\Users\Dhanuja\.gradle\caches\modules-2\files-2.1\org.springframework.security\spring-security-config\4.2.6.RELEASE\6f7fbb6936eb83c7362eb0b8d0cfa74703f1b11a\spring-security-config-4.2.6.RELEASE.jar;C:\Users\Dhanuja\.gradle\caches\modules-2\files-2.1\org.springframework.security\spring-security-web\4.2.6.RELEASE\65c67e6471f48ed7b01202d0621dea71440ca6c5\spring-security-web-4.2.6.RELEASE.jar;C:\Users\Dhanuja\.gradle\caches\modules-2\files-2.1\org.springframework\spring-webmvc\4.3.17.RELEASE\ee8dd0c586481e795787dc8b28a39e0418cb8fa2\spring-webmvc-4.3.17.RELEASE.jar;C:\Users\Dhanuja\.gradle\caches\modules-2\files-2.1\org.springframework\spring-web\4.3.17.RELEASE\2786be085d48f0b6d304a89cbbd186a969aa92aa\spring-web-4.3.17.RELEASE.jar;C:\Users\Dhanuja\.gradle\caches\modules-2\files-2.1\org.springframework.security\spring-security-core\4.2.6.RELEASE\44f135f3c690957d55615b7b7743d5f3bde78fa1\spring-security-core-4.2.6.RELEASE.jar;C:\Users\Dhanuja\.gradle\caches\modules-2\files-2.1\org.springframework.boot\spring-boot-test-autoconfigure\1.5.13.RELEASE\dee40ade119e2d69de4595b0c8becd71ad75b6ea\spring-boot-test-autoconfigure-1.5.13.RELEASE.jar;C:\Users\Dhanuja\.gradle\caches\modules-2\files-2.1\org.springframework.boot\spring-boot-test\1.5.13.RELEASE\8eb4c6dc64592adca85a16382c63f6a3460b3d1f\spring-boot-test-1.5.13.RELEASE.jar;C:\Users\Dhanuja\.gradle\caches\modules-2\files-2.1\org.springframework.boot\spring-boot-autoconfigure\1.5.13.RELEASE\2a08d6cb4a921fd0a58a162669da9f39d5df449c\spring-boot-autoconfigure-1.5.13.RELEASE.jar;C:\Users\Dhanuja\.gradle\caches\modules-2\files-2.1\org.springframework.boot\spring-boot\1.5.13.RELEASE\24f1f2ba3af3409ec1829e116a689ffebcaf300a\spring-boot-1.5.13.RELEASE.jar;C:\Users\Dhanuja\.gradle\caches\modules-2\files-2.1\org.springframework\spring-context\4.3.17.RELEASE\68b87279ada66e04df251917c839a604ceff82f0\spring-context-4.3.17.RELEASE.jar;C:\Users\Dhanuja\.gradle\caches\modules-2\files-2.1\org.springframework\spring-aop\4.3.17.RELEASE\b83e9434298106e7705b31150aee2d4e0fb2cf61\spring-aop-4.3.17.RELEASE.jar;C:\Users\Dhanuja\.gradle\caches\modules-2\files-2.1\org.springframework.boot\spring-boot-starter-tomcat\1.5.13.RELEASE\880f4c4af539e228091babfb0e5aaea18130f6f6\spring-boot-starter-tomcat-1.5.13.RELEASE.jar;C:\Users\Dhanuja\.gradle\caches\modules-2\files-2.1\org.hibernate\hibernate-validator\5.3.6.Final\4c730be8bf55a8e9a61e79a2f2c079abf48b718\hibernate-validator-5.3.6.Final.jar;C:\Users\Dhanuja\.gradle\caches\modules-2\files-2.1\com.fasterxml.jackson.core\jackson-databind\2.8.11.1\341edc63fdd8b44e17b2c36abbc9b451d8fd05a5\jackson-databind-2.8.11.1.jar;C:\Users\Dhanuja\.gradle\caches\modules-2\files-2.1\org.springframework\spring-tx\4.3.17.RELEASE\31b31e13fceadb816d1ab15ec226fa351d72b663\spring-tx-4.3.17.RELEASE.jar;C:\Users\Dhanuja\.gradle\caches\modules-2\files-2.1\org.springframework\spring-beans\4.3.17.RELEASE\6f8ce46b6f446b8875f0b3160b6b1978973d4d0b\spring-beans-4.3.17.RELEASE.jar;C:\Users\Dhanuja\.gradle\caches\modules-2\files-2.1\org.springframework\spring-test\4.3.17.RELEASE\e35e710720cb3cee1efa3c9cd2f7dc80e579950d\spring-test-4.3.17.RELEASE.jar;C:\Users\Dhanuja\.gradle\caches\modules-2\files-2.1\org.springframework\spring-expression\4.3.17.RELEASE\a7ed4d874c28aca9ad8cd1a65c58eb62c05994b7\spring-expression-4.3.17.RELEASE.jar;C:\Users\Dhanuja\.gradle\caches\modules-2\files-2.1\org.springframework\spring-core\4.3.17.RELEASE\77814c99de6f8282c64a4d604024c70e238037ae\spring-core-4.3.17.RELEASE.jar;C:\Users\Dhanuja\.gradle\caches\modules-2\files-2.1\commons-codec\commons-codec\1.10\4b95f4897fa13f2cd904aee711aeafc0c5295cd8\commons-codec-1.10.jar;C:\Users\Dhanuja\.gradle\caches\modules-2\files-2.1\org.codehaus.jackson\jackson-mapper-asl\1.9.13\1ee2f2bed0e5dd29d1cb155a166e6f8d50bbddb7\jackson-mapper-asl-1.9.13.jar;C:\Users\Dhanuja\.gradle\caches\modules-2\files-2.1\org.bouncycastle\bcpkix-jdk15on\1.56\4648af70268b6fdb24674fb1fd7c1fcc73db1231\bcpkix-jdk15on-1.56.jar;C:\Users\Dhanuja\.gradle\caches\modules-2\files-2.1\com.jayway.jsonpath\json-path\2.2.0\22290d17944bd239fabf5ac69005a60a7ecbbbcb\json-path-2.2.0.jar;C:\Users\Dhanuja\.gradle\caches\modules-2\files-2.1\junit\junit\4.12\2973d150c0dc1fefe998f834810d68f278ea58ec\junit-4.12.jar;C:\Users\Dhanuja\.gradle\caches\modules-2\files-2.1\org.assertj\assertj-core\2.6.0\b532c3fc4f66bcfee4989a3514f1cd56203a33ad\assertj-core-2.6.0.jar;C:\Users\Dhanuja\.gradle\caches\modules-2\files-2.1\org.mockito\mockito-core\1.10.19\e8546f5bef4e061d8dd73895b4e8f40e3fe6effe\mockito-core-1.10.19.jar;C:\Users\Dhanuja\.gradle\caches\modules-2\files-2.1\org.hamcrest\hamcrest-library\1.3\4785a3c21320980282f9f33d0d1264a69040538f\hamcrest-library-1.3.jar;C:\Users\Dhanuja\.gradle\caches\modules-2\files-2.1\org.hamcrest\hamcrest-core\1.3\42a25dc3219429f0e5d060061f71acb49bf010a0\hamcrest-core-1.3.jar;C:\Users\Dhanuja\.gradle\caches\modules-2\files-2.1\org.skyscreamer\jsonassert\1.4.0\9cdbb373a06f6513e51e8c545ee6a5e981463edb\jsonassert-1.4.0.jar;C:\Users\Dhanuja\.gradle\caches\modules-2\files-2.1\org.springframework.boot\spring-boot-starter-logging\1.5.13.RELEASE\1784b184be3b59ad81ec6ac54d03c950f3d5c263\spring-boot-starter-logging-1.5.13.RELEASE.jar;C:\Users\Dhanuja\.gradle\caches\modules-2\files-2.1\org.yaml\snakeyaml\1.17\7a27ea250c5130b2922b86dea63cbb1cc10a660c\snakeyaml-1.17.jar;C:\Users\Dhanuja\.gradle\caches\modules-2\files-2.1\org.apache.tomcat\tomcat-juli\8.5.31\603fb6e0ddd216b53a803801561661ae9c294ff\tomcat-juli-8.5.31.jar;C:\Users\Dhanuja\.gradle\caches\modules-2\files-2.1\aopalliance\aopalliance\1.0\235ba8b489512805ac13a8f9ea77a1ca5ebe3e8\aopalliance-1.0.jar;C:\Users\Dhanuja\.gradle\caches\modules-2\files-2.1\org.apache.tomcat.embed\tomcat-embed-websocket\8.5.31\6564e716b89de5eaa0dd234ae7989576503ddf3\tomcat-embed-websocket-8.5.31.jar;C:\Users\Dhanuja\.gradle\caches\modules-2\files-2.1\org.apache.tomcat.embed\tomcat-embed-core\8.5.31\f5adf7ed8c34aa005b22b6a2dc7b6796e10e9c79\tomcat-embed-core-8.5.31.jar;C:\Users\Dhanuja\.gradle\caches\modules-2\files-2.1\org.apache.tomcat.embed\tomcat-embed-el\8.5.31\3a536e1ac71b82627c3a7408eb38fa0704cb9034\tomcat-embed-el-8.5.31.jar;C:\Users\Dhanuja\.gradle\caches\modules-2\files-2.1\javax.validation\validation-api\1.1.0.Final\8613ae82954779d518631e05daa73a6a954817d5\validation-api-1.1.0.Final.jar;C:\Users\Dhanuja\.gradle\caches\modules-2\files-2.1\org.jboss.logging\jboss-logging\3.3.2.Final\3789d00e859632e6c6206adc0c71625559e6e3b0\jboss-logging-3.3.2.Final.jar;C:\Users\Dhanuja\.gradle\caches\modules-2\files-2.1\com.fasterxml\classmate\1.3.4\3d5f48f10bbe4eb7bd862f10c0583be2e0053c6\classmate-1.3.4.jar;C:\Users\Dhanuja\.gradle\caches\modules-2\files-2.1\com.fasterxml.jackson.core\jackson-annotations\2.8.0\45b426f7796b741035581a176744d91090e2e6fb\jackson-annotations-2.8.0.jar;C:\Users\Dhanuja\.gradle\caches\modules-2\files-2.1\com.fasterxml.jackson.core\jackson-core\2.8.11\876ead1db19f0c9e79c9789273a3ef8c6fd6c29b\jackson-core-2.8.11.jar;C:\Users\Dhanuja\.gradle\caches\modules-2\files-2.1\org.codehaus.jackson\jackson-core-asl\1.9.13\3c304d70f42f832e0a86d45bd437f692129299a4\jackson-core-asl-1.9.13.jar;C:\Users\Dhanuja\.gradle\caches\modules-2\files-2.1\org.bouncycastle\bcprov-jdk15on\1.56\a153c6f9744a3e9dd6feab5e210e1c9861362ec7\bcprov-jdk15on-1.56.jar;C:\Users\Dhanuja\.gradle\caches\modules-2\files-2.1\net.minidev\json-smart\2.2.1\5b9e5df7a62d1279b70dc882b041d249c4f0b002\json-smart-2.2.1.jar;C:\Users\Dhanuja\.gradle\caches\modules-2\files-2.1\ch.qos.logback\logback-classic\1.1.11\ccedfbacef4a6515d2983e3f89ed753d5d4fb665\logback-classic-1.1.11.jar;C:\Users\Dhanuja\.gradle\caches\modules-2\files-2.1\org.slf4j\jcl-over-slf4j\1.7.25\f8c32b13ff142a513eeb5b6330b1588dcb2c0461\jcl-over-slf4j-1.7.25.jar;C:\Users\Dhanuja\.gradle\caches\modules-2\files-2.1\org.slf4j\jul-to-slf4j\1.7.25\af5364cd6679bfffb114f0dec8a157aaa283b76\jul-to-slf4j-1.7.25.jar;C:\Users\Dhanuja\.gradle\caches\modules-2\files-2.1\org.slf4j\log4j-over-slf4j\1.7.25\a87bb47468f47ee7aabbd54f93e133d4215769c3\log4j-over-slf4j-1.7.25.jar;C:\Users\Dhanuja\.gradle\caches\modules-2\files-2.1\org.slf4j\slf4j-api\1.7.25\da76ca59f6a57ee3102f8f9bd9cee742973efa8a\slf4j-api-1.7.25.jar;C:\Users\Dhanuja\.gradle\caches\modules-2\files-2.1\org.objenesis\objenesis\2.1\87c0ea803b69252868d09308b4618f766f135a96\objenesis-2.1.jar;C:\Users\Dhanuja\.gradle\caches\modules-2\files-2.1\com.vaadin.external.google\android-json\0.0.20131108.vaadin1\fa26d351fe62a6a17f5cda1287c1c6110dec413f\android-json-0.0.20131108.vaadin1.jar;C:\Users\Dhanuja\.gradle\caches\modules-2\files-2.1\org.apache.tomcat\tomcat-annotations-api\8.5.31\f0758d8b5d1404cc25f98945bdd5959699658b4a\tomcat-annotations-api-8.5.31.jar;C:\Users\Dhanuja\.gradle\caches\modules-2\files-2.1\net.minidev\accessors-smart\1.1\a527213f2fea112a04c9bdf0ec0264e34104cd08\accessors-smart-1.1.jar;C:\Users\Dhanuja\.gradle\caches\modules-2\files-2.1\ch.qos.logback\logback-core\1.1.11\88b8df40340eed549fb07e2613879bf6b006704d\logback-core-1.1.11.jar;C:\Users\Dhanuja\.gradle\caches\modules-2\files-2.1\org.ow2.asm\asm\5.0.3\dcc2193db20e19e1feca8b1240dbbc4e190824fa\asm-5.0.3.jar, user.name=Dhanuja, java.vm.specification.version=1.8, sun.java.command=worker.org.gradle.process.internal.worker.GradleWorkerMain 'Gradle Test Executor 1', java.home=C:\Program Files\Java\jdk1.8.0_20\jre, sun.arch.data.model=64, user.language=en, java.specification.vendor=Oracle Corporation, awt.toolkit=sun.awt.windows.WToolkit, java.vm.info=mixed mode, java.version=1.8.0_20, java.ext.dirs=C:\Program Files\Java\jdk1.8.0_20\jre\lib\ext;C:\Windows\Sun\Java\lib\ext, sun.boot.class.path=C:\Program Files\Java\jdk1.8.0_20\jre\lib\resources.jar;C:\Program Files\Java\jdk1.8.0_20\jre\lib\rt.jar;C:\Program Files\Java\jdk1.8.0_20\jre\lib\sunrsasign.jar;C:\Program Files\Java\jdk1.8.0_20\jre\lib\jsse.jar;C:\Program Files\Java\jdk1.8.0_20\jre\lib\jce.jar;C:\Program Files\Java\jdk1.8.0_20\jre\lib\charsets.jar;C:\Program Files\Java\jdk1.8.0_20\jre\lib\jfr.jar;C:\Program Files\Java\jdk1.8.0_20\jre\classes, java.vendor=Oracle Corporation, org.gradle.test.worker=1, file.separator=\, java.vendor.url.bug=http://bugreport.sun.com/bugreport/, sun.io.unicode.encoding=UnicodeLittle, sun.cpu.endian=little, sun.desktop=windows, sun.cpu.isalist=amd64}}, SystemEnvironmentPropertySource@1838080478 {name='systemEnvironment', properties={USERDOMAIN_ROAMINGPROFILE=DESKTOP-JAQKRLB, OPENSSL_CONF=C:\openssl\openssl.cnf, LOCALAPPDATA=C:\Users\Dhanuja\AppData\Local, PROCESSOR_LEVEL=6, USERDOMAIN=DESKTOP-JAQKRLB, LOGONSERVER=\\DESKTOP-JAQKRLB, PROMPT=$P$G, ALLUSERSPROFILE=C:\ProgramData, PROCESSOR_ARCHITECTURE=AMD64, PSModulePath=C:\Program Files\WindowsPowerShell\Modules;C:\Windows\system32\WindowsPowerShell\v1.0\Modules, SystemDrive=C:, =E:=E:\AuthorizationServer, =ExitCode=00000000, OneDrive=C:\Users\Dhanuja\OneDrive, =C:=C:\Windows\System32, APPDATA=C:\Users\Dhanuja\AppData\Roaming, DIRNAME=C:\gradle-4.7-all\gradle-4.7\bin\, JAVA_EXE=java.exe, USERNAME=Dhanuja, CMD_LINE_ARGS=clean build, ProgramFiles(x86)=C:\Program Files (x86), CommonProgramFiles=C:\Program Files\Common Files, Path=C:\Program Files (x86)\Intel\iCLS Client\;C:\Program Files\Intel\iCLS Client\;C:\Windows\system32;C:\Windows;C:\Windows\System32\Wbem;C:\Windows\System32\WindowsPowerShell\v1.0\;C:\Program Files (x86)\Intel\Intel(R) Management Engine Components\DAL;C:\Program Files\Intel\Intel(R) Management Engine Components\DAL;C:\Program Files (x86)\Intel\Intel(R) Management Engine Components\IPT;C:\Program Files\Intel\Intel(R) Management Engine Components\IPT;C:\Program Files\Intel\WiFi\bin\;C:\Program Files\Common Files\Intel\WirelessCommon\;C:\Program Files (x86)\NVIDIA Corporation\PhysX\Common;C:\Program Files\Git\cmd;C:\wamp\php;C:\ProgramData\ComposerSetup\bin;C:\wamp\bin\php\php5.5.12;C:\wamp\bin\php\php7.2.4;C:\Program Files\nodejs\;C:\openssl\;C:\Program Files\Java\jdk1.8.0_20\bin;C:\Users\Dhanuja\AppData\Local\Microsoft\WindowsApps;C:\Users\Dhanuja\AppData\Roaming\Composer\vendor\bin;C:\Users\Dhanuja\AppData\Local\atom\bin;C:\Users\Dhanuja\AppData\Roaming\npm;C:\gradle-4.7-all\gradle-4.7\bin, APP_HOME=C:\gradle-4.7-all\gradle-4.7\bin\.., PATHEXT=.COM;.EXE;.BAT;.CMD;.VBS;.VBE;.JS;.JSE;.WSF;.WSH;.MSC, OS=Windows_NT, COMPUTERNAME=DESKTOP-JAQKRLB, PROCESSOR_REVISION=5e03, CLASSPATH=C:\gradle-4.7-all\gradle-4.7\bin\..\lib\gradle-launcher-4.7.jar, CommonProgramW6432=C:\Program Files\Common Files, ComSpec=C:\Windows\system32\cmd.exe, APP_BASE_NAME=gradle, ProgramData=C:\ProgramData, ProgramW6432=C:\Program Files, HOMEPATH=\Users\Dhanuja, SystemRoot=C:\Windows, TEMP=C:\Users\Dhanuja\AppData\Local\Temp, HOMEDRIVE=C:, PROCESSOR_IDENTIFIER=Intel64 Family 6 Model 94 Stepping 3, GenuineIntel, PT6HOME=C:\Program Files (x86)\Cisco Packet Tracer 6.2sv, USERPROFILE=C:\Users\Dhanuja, TMP=C:\Users\Dhanuja\AppData\Local\Temp, CommonProgramFiles(x86)=C:\Program Files (x86)\Common Files, ProgramFiles=C:\Program Files, PUBLIC=C:\Users\Public, NUMBER_OF_PROCESSORS=8, windir=C:\Windows, _SKIP=2}}]
00:59:33.370 [Test worker] DEBUG org.springframework.core.env.MutablePropertySources - Adding PropertySource 'inline' with highest search precedence
00:59:33.378 [Test worker] DEBUG org.springframework.test.context.support.TestPropertySourceUtils - Adding inlined properties to environment: {spring.jmx.enabled=false, org.springframework.boot.test.context.SpringBootTestContextBootstrapper=true, server.port=-1}
00:59:33.378 [Test worker] DEBUG org.springframework.core.env.StandardEnvironment - Adding PropertySource 'Inlined Test Properties' with highest search precedence

  .   ____          _            __ _ _
 /\\ / ___'_ __ _ _(_)_ __  __ _ \ \ \ \
( ( )\___ | '_ | '_| | '_ \/ _` | \ \ \ \
 \\/  ___)| |_)| | | | | || (_| |  ) ) ) )
  '  |____| .__|_| |_|_| |_\__, | / / / /
 =========|_|==============|___/=/_/_/_/
 :: Spring Boot ::       (v1.5.13.RELEASE)

2018-05-29 00:59:33.581  INFO 1840 --- [    Test worker] .p.A.AuthorizationServerApplicationTests : Starting AuthorizationServerApplicationTests on DESKTOP-JAQKRLB with PID 1840 (started by Dhanuja in E:\AuthorizationServer)
2018-05-29 00:59:33.581  INFO 1840 --- [    Test worker] .p.A.AuthorizationServerApplicationTests : No active profile set, falling back to default profiles: default
2018-05-29 00:59:33.612  INFO 1840 --- [    Test worker] o.s.w.c.s.GenericWebApplicationContext   : Refreshing org.springframework.web.context.support.GenericWebApplicationContext@66075bcd: startup date [Tue May 29 00:59:33 IST 2018]; root of context hierarchy
2018-05-29 00:59:35.063  INFO 1840 --- [    Test worker] o.s.jdbc.datasource.init.ScriptUtils     : Executing SQL script from URL [file:/E:/AuthorizationServer/build/resources/main/schema.sql]
2018-05-29 00:59:35.074  INFO 1840 --- [    Test worker] o.s.jdbc.datasource.init.ScriptUtils     : Executed SQL script from URL [file:/E:/AuthorizationServer/build/resources/main/schema.sql] in 11 ms.
2018-05-29 00:59:35.078  INFO 1840 --- [    Test worker] o.s.jdbc.datasource.init.ScriptUtils     : Executing SQL script from URL [file:/E:/AuthorizationServer/build/resources/main/data.sql]
2018-05-29 00:59:35.080  INFO 1840 --- [    Test worker] o.s.jdbc.datasource.init.ScriptUtils     : Executed SQL script from URL [file:/E:/AuthorizationServer/build/resources/main/data.sql] in 1 ms.
2018-05-29 00:59:35.683  INFO 1840 --- [    Test worker] o.s.s.o.p.t.s.JwtAccessTokenConverter    : Configured with RSA signing key
2018-05-29 00:59:35.700  INFO 1840 --- [    Test worker] o.s.s.o.p.t.s.JwtAccessTokenConverter    : Signing and verification RSA keys match
2018-05-29 00:59:35.992  INFO 1840 --- [    Test worker] .s.o.p.e.FrameworkEndpointHandlerMapping : Mapped "{[/oauth/authorize],methods=[POST],params=[user_oauth_approval]}" onto public org.springframework.web.servlet.View org.springframework.security.oauth2.provider.endpoint.AuthorizationEndpoint.approveOrDeny(java.util.Map<java.lang.String, java.lang.String>,java.util.Map<java.lang.String, ?>,org.springframework.web.bind.support.SessionStatus,java.security.Principal)
2018-05-29 00:59:35.994  INFO 1840 --- [    Test worker] .s.o.p.e.FrameworkEndpointHandlerMapping : Mapped "{[/oauth/authorize]}" onto public org.springframework.web.servlet.ModelAndView org.springframework.security.oauth2.provider.endpoint.AuthorizationEndpoint.authorize(java.util.Map<java.lang.String, java.lang.Object>,java.util.Map<java.lang.String, java.lang.String>,org.springframework.web.bind.support.SessionStatus,java.security.Principal)
2018-05-29 00:59:35.996  INFO 1840 --- [    Test worker] .s.o.p.e.FrameworkEndpointHandlerMapping : Mapped "{[/oauth/token],methods=[GET]}" onto public org.springframework.http.ResponseEntity<org.springframework.security.oauth2.common.OAuth2AccessToken> org.springframework.security.oauth2.provider.endpoint.TokenEndpoint.getAccessToken(java.security.Principal,java.util.Map<java.lang.String, java.lang.String>) throws org.springframework.web.HttpRequestMethodNotSupportedException
2018-05-29 00:59:35.997  INFO 1840 --- [    Test worker] .s.o.p.e.FrameworkEndpointHandlerMapping : Mapped "{[/oauth/token],methods=[POST]}" onto public org.springframework.http.ResponseEntity<org.springframework.security.oauth2.common.OAuth2AccessToken> org.springframework.security.oauth2.provider.endpoint.TokenEndpoint.postAccessToken(java.security.Principal,java.util.Map<java.lang.String, java.lang.String>) throws org.springframework.web.HttpRequestMethodNotSupportedException
2018-05-29 00:59:36.101  INFO 1840 --- [    Test worker] .s.o.p.e.FrameworkEndpointHandlerMapping : Mapped "{[/oauth/check_token]}" onto public java.util.Map<java.lang.String, ?> org.springframework.security.oauth2.provider.endpoint.CheckTokenEndpoint.checkToken(java.lang.String)
2018-05-29 00:59:36.102  INFO 1840 --- [    Test worker] .s.o.p.e.FrameworkEndpointHandlerMapping : Mapped "{[/oauth/confirm_access]}" onto public org.springframework.web.servlet.ModelAndView org.springframework.security.oauth2.provider.endpoint.WhitelabelApprovalEndpoint.getAccessConfirmation(java.util.Map<java.lang.String, java.lang.Object>,javax.servlet.http.HttpServletRequest) throws java.lang.Exception
2018-05-29 00:59:36.103  INFO 1840 --- [    Test worker] .s.o.p.e.FrameworkEndpointHandlerMapping : Mapped "{[/oauth/error]}" onto public org.springframework.web.servlet.ModelAndView org.springframework.security.oauth2.provider.endpoint.WhitelabelErrorEndpoint.handleError(javax.servlet.http.HttpServletRequest)
2018-05-29 00:59:36.107  INFO 1840 --- [    Test worker] .s.o.p.e.FrameworkEndpointHandlerMapping : Mapped "{[/oauth/token_key],methods=[GET]}" onto public java.util.Map<java.lang.String, java.lang.String> org.springframework.security.oauth2.provider.endpoint.TokenKeyEndpoint.getKey(java.security.Principal)
2018-05-29 00:59:36.356  INFO 1840 --- [    Test worker] o.s.s.web.DefaultSecurityFilterChain     : Creating filter chain: OrRequestMatcher [requestMatchers=[Ant [pattern='/oauth/token'], Ant [pattern='/oauth/token_key'], Ant [pattern='/oauth/check_token']]], [org.springframework.security.web.context.request.async.WebAsyncManagerIntegrationFilter@738f4556, org.springframework.security.web.context.SecurityContextPersistenceFilter@671d9423, org.springframework.security.web.header.HeaderWriterFilter@536c6e98, org.springframework.security.web.authentication.logout.LogoutFilter@552599af, org.springframework.security.web.authentication.www.BasicAuthenticationFilter@4af83220, org.springframework.security.web.savedrequest.RequestCacheAwareFilter@3bd44d51, org.springframework.security.web.servletapi.SecurityContextHolderAwareRequestFilter@6323c6e3, org.springframework.security.web.authentication.AnonymousAuthenticationFilter@70e8ddae, org.springframework.security.web.session.SessionManagementFilter@741aed68, org.springframework.security.web.access.ExceptionTranslationFilter@29211144, org.springframework.security.web.access.intercept.FilterSecurityInterceptor@59f899fe]
2018-05-29 00:59:36.364  INFO 1840 --- [    Test worker] o.s.s.web.DefaultSecurityFilterChain     : Creating filter chain: org.springframework.security.web.util.matcher.AnyRequestMatcher@1, [org.springframework.security.web.context.request.async.WebAsyncManagerIntegrationFilter@3a8e3ef3, org.springframework.security.web.context.SecurityContextPersistenceFilter@7bfe92a4, org.springframework.security.web.header.HeaderWriterFilter@4c681120, org.springframework.security.web.csrf.CsrfFilter@77215bd3, org.springframework.security.web.authentication.logout.LogoutFilter@7f52bac0, org.springframework.security.web.savedrequest.RequestCacheAwareFilter@4d7b629a, org.springframework.security.web.servletapi.SecurityContextHolderAwareRequestFilter@41168b04, org.springframework.security.web.authentication.AnonymousAuthenticationFilter@21a2a19f, org.springframework.security.web.session.SessionManagementFilter@21a3eb25, org.springframework.security.web.access.ExceptionTranslationFilter@2b13b41d, org.springframework.security.web.access.intercept.FilterSecurityInterceptor@791a7a70]
2018-05-29 00:59:36.822  INFO 1840 --- [    Test worker] s.w.s.m.m.a.RequestMappingHandlerAdapter : Looking for @ControllerAdvice: org.springframework.web.context.support.GenericWebApplicationContext@66075bcd: startup date [Tue May 29 00:59:33 IST 2018]; root of context hierarchy
2018-05-29 00:59:36.877  INFO 1840 --- [    Test worker] s.w.s.m.m.a.RequestMappingHandlerMapping : Mapped "{[/error]}" onto public org.springframework.http.ResponseEntity<java.util.Map<java.lang.String, java.lang.Object>> org.springframework.boot.autoconfigure.web.BasicErrorController.error(javax.servlet.http.HttpServletRequest)
2018-05-29 00:59:36.878  INFO 1840 --- [    Test worker] s.w.s.m.m.a.RequestMappingHandlerMapping : Mapped "{[/error],produces=[text/html]}" onto public org.springframework.web.servlet.ModelAndView org.springframework.boot.autoconfigure.web.BasicErrorController.errorHtml(javax.servlet.http.HttpServletRequest,javax.servlet.http.HttpServletResponse)
2018-05-29 00:59:36.937  INFO 1840 --- [    Test worker] o.s.w.s.handler.SimpleUrlHandlerMapping  : Mapped URL path [/webjars/**] onto handler of type [class org.springframework.web.servlet.resource.ResourceHttpRequestHandler]
2018-05-29 00:59:36.937  INFO 1840 --- [    Test worker] o.s.w.s.handler.SimpleUrlHandlerMapping  : Mapped URL path [/**] onto handler of type [class org.springframework.web.servlet.resource.ResourceHttpRequestHandler]
2018-05-29 00:59:36.991  INFO 1840 --- [    Test worker] o.s.w.s.handler.SimpleUrlHandlerMapping  : Mapped URL path [/**/favicon.ico] onto handler of type [class org.springframework.web.servlet.resource.ResourceHttpRequestHandler]
2018-05-29 00:59:37.245  INFO 1840 --- [    Test worker] .p.A.AuthorizationServerApplicationTests : Started AuthorizationServerApplicationTests in 3.857 seconds (JVM running for 4.911)
]]></system-out>
  <system-err><![CDATA[]]></system-err>
</testsuite>
